<?xml version="1.0" encoding="UTF-8"?>
<!-- Generated by org.testng.reporters.JUnitXMLReporter -->
<testsuite ignored="14" hostname="DESKTOP-B96ST24" failures="0" tests="1" name="Application Log" time="0.717" errors="0" timestamp="2022-04-15T14:35:57 IST">
  <testcase classname="tests.ApplicationLogTest" name="@BeforeMethod initForAppLog" time="0.002">
    <failure type="java.lang.IllegalStateException" message="The driver executable does not exist: C:\Users\Dell\ArexdataAutomation\qa-automation\drivers\chromedriver.exe">
      <![CDATA[java.lang.IllegalStateException: The driver executable does not exist: C:\Users\Dell\ArexdataAutomation\qa-automation\drivers\chromedriver.exe
at com.google.common.base.Preconditions.checkState(Preconditions.java:585)
at org.openqa.selenium.remote.service.DriverService.checkExecutable(DriverService.java:146)
at org.openqa.selenium.remote.service.DriverService.findExecutable(DriverService.java:141)
at org.openqa.selenium.chrome.ChromeDriverService.access$000(ChromeDriverService.java:35)
at org.openqa.selenium.chrome.ChromeDriverService$Builder.findDefaultExecutable(ChromeDriverService.java:159)
at org.openqa.selenium.remote.service.DriverService$Builder.build(DriverService.java:355)
at org.openqa.selenium.chrome.ChromeDriverService.createDefaultService(ChromeDriverService.java:94)
at org.openqa.selenium.chrome.ChromeDriver.<init>(ChromeDriver.java:123)
at utility.DriverTestCase.setup(DriverTestCase.java:74)
at tests.ApplicationLogTest.initForAppLog(ApplicationLogTest.java:40)
at java.base/java.util.ArrayList.forEach(ArrayList.java:1511)
at java.base/java.util.concurrent.FutureTask.run(FutureTask.java:264)
at java.base/java.util.concurrent.ThreadPoolExecutor.runWorker(ThreadPoolExecutor.java:1136)
at java.base/java.util.concurrent.ThreadPoolExecutor$Worker.run(ThreadPoolExecutor.java:635)
at java.base/java.lang.Thread.run(Thread.java:833)
... Removed 22 stack frames]]>
    </failure>
  </testcase> <!-- @BeforeMethod initForAppLog -->
  <testcase classname="tests.ApplicationLogTest" name="testApplicationLogIsCreatedForAlertCreated" time="0.0">
    <skipped/>
  </testcase> <!-- testApplicationLogIsCreatedForAlertCreated -->
  <testcase classname="tests.ApplicationLogTest" name="testUserIsAbleToFilterApplicationLogWithObjectContains" time="0.0">
    <ignored/>
  </testcase> <!-- testUserIsAbleToFilterApplicationLogWithObjectContains -->
  <testcase classname="tests.ApplicationLogTest" name="testApplicationLogIsCreatedForUserLogin" time="0.0">
    <ignored/>
  </testcase> <!-- testApplicationLogIsCreatedForUserLogin -->
  <testcase classname="tests.ApplicationLogTest" name="testApplicationLogIsCreatedForUserModified" time="0.0">
    <ignored/>
  </testcase> <!-- testApplicationLogIsCreatedForUserModified -->
  <testcase classname="tests.ApplicationLogTest" name="testApplicationLogIsCreatedForAlertDeleted" time="0.0">
    <ignored/>
  </testcase> <!-- testApplicationLogIsCreatedForAlertDeleted -->
  <testcase classname="tests.ApplicationLogTest" name="testUserIsAbleToFilterApplicationLogWithUserContains" time="0.0">
    <ignored/>
  </testcase> <!-- testUserIsAbleToFilterApplicationLogWithUserContains -->
  <testcase classname="tests.ApplicationLogTest" name="testApplicationLogIsCreatedForUserCreated" time="0.0">
    <ignored/>
  </testcase> <!-- testApplicationLogIsCreatedForUserCreated -->
  <testcase classname="tests.ApplicationLogTest" name="testApplicationLogIsCreatedForUserLoginFailed" time="0.0">
    <ignored/>
  </testcase> <!-- testApplicationLogIsCreatedForUserLoginFailed -->
  <testcase classname="tests.ApplicationLogTest" name="testApplicationLogIsCreatedForFileAuditModified" time="0.0">
    <ignored/>
  </testcase> <!-- testApplicationLogIsCreatedForFileAuditModified -->
  <testcase classname="tests.ApplicationLogTest" name="testUserIsAbleToFilterApplicationLogWithObjectTypeUser" time="0.0">
    <ignored/>
  </testcase> <!-- testUserIsAbleToFilterApplicationLogWithObjectTypeUser -->
  <testcase classname="tests.ApplicationLogTest" name="testApplicationLogIsCreatedForPrintJobModified" time="0.0">
    <ignored/>
  </testcase> <!-- testApplicationLogIsCreatedForPrintJobModified -->
  <testcase classname="tests.ApplicationLogTest" name="testApplicationLogIsCreatedForUserDeleted" time="0.0">
    <ignored/>
  </testcase> <!-- testApplicationLogIsCreatedForUserDeleted -->
  <testcase classname="tests.ApplicationLogTest" name="testUserIsAbleExportAndDownloadPageEventsInSelectedFormatsByUser" time="0.0">
    <ignored/>
  </testcase> <!-- testUserIsAbleExportAndDownloadPageEventsInSelectedFormatsByUser -->
  <testcase classname="tests.ApplicationLogTest" name="testApplicationLogIsCreatedForAlertModified" time="0.0">
    <ignored/>
  </testcase> <!-- testApplicationLogIsCreatedForAlertModified -->
  <testcase classname="tests.ApplicationLogTest" name="testUserIsAbleToFilterApplicationLogWithActionModified" time="0.0">
    <ignored/>
  </testcase> <!-- testUserIsAbleToFilterApplicationLogWithActionModified -->
</testsuite> <!-- Application Log -->
